Using pre-set license
Built from '2020.3/staging' branch; Version is '2020.3.22f1 (e1a7f79fd887) revision 14788599'; Using compiler version '192528614'; Build Type 'Release'
OS: 'Windows 10 Home Single Language; OS build 19042.1415; Version 2009; 64bit' Language: 'en' Physical Memory: 6091 MB
BatchMode: 1, IsHumanControllingUs: 0, StartBugReporterOnCrash: 0, Is64bit: 1, IsPro: 0

COMMAND LINE ARGUMENTS:
D:\Unity\2020.3.22f1\Editor\Unity.exe
-adb2
-batchMode
-noUpm
-name
AssetImportWorker0
-projectPath
D:/Work/Work year3/Term2/CS222/Lab5
-logFile
Logs/AssetImportWorker0.log
-srvPort
51083
Successfully changed project path to: D:/Work/Work year3/Term2/CS222/Lab5
D:/Work/Work year3/Term2/CS222/Lab5
Using Asset Import Pipeline V2.
Refreshing native plugins compatible for Editor in 40.74 ms, found 2 plugins.
Preloading 0 native plugins for Editor in 0.00 ms.
Initialize engine version: 2020.3.22f1 (e1a7f79fd887)
[Subsystems] Discovering subsystems at path D:/Unity/2020.3.22f1/Editor/Data/Resources/UnitySubsystems
[Subsystems] Discovering subsystems at path D:/Work/Work year3/Term2/CS222/Lab5/Assets
GfxDevice: creating device client; threaded=0
Direct3D:
    Version:  Direct3D 11.0 [level 11.1]
    Renderer: AMD Radeon(TM) Vega 8 Graphics (ID=0x15d8)
    Vendor:   
    VRAM:     3045 MB
    Driver:   27.20.14544.6
Initialize mono
Mono path[0] = 'D:/Unity/2020.3.22f1/Editor/Data/Managed'
Mono path[1] = 'D:/Unity/2020.3.22f1/Editor/Data/MonoBleedingEdge/lib/mono/unityjit'
Mono config path = 'D:/Unity/2020.3.22f1/Editor/Data/MonoBleedingEdge/etc'
Using monoOptions --debugger-agent=transport=dt_socket,embedding=1,server=y,suspend=n,address=127.0.0.1:56096
Begin MonoManager ReloadAssembly
Registering precompiled unity dll's ...
Register platform support module: D:/Unity/2020.3.22f1/Editor/Data/PlaybackEngines/WindowsStandaloneSupport/UnityEditor.WindowsStandalone.Extensions.dll
Registered in 0.001308 seconds.
Native extension for WindowsStandalone target not found
Refreshing native plugins compatible for Editor in 42.30 ms, found 2 plugins.
Preloading 0 native plugins for Editor in 0.00 ms.
Mono: successfully reloaded assembly
- Completed reload, in  2.701 seconds
Domain Reload Profiling:
	ReloadAssembly (2701ms)
		BeginReloadAssembly (59ms)
			ExecutionOrderSort (0ms)
			DisableScriptedObjects (0ms)
			BackupInstance (0ms)
			ReleaseScriptingObjects (0ms)
			CreateAndSetChildDomain (1ms)
		EndReloadAssembly (583ms)
			LoadAssemblies (58ms)
			RebuildTransferFunctionScriptingTraits (0ms)
			SetupTypeCache (204ms)
			ReleaseScriptCaches (0ms)
			RebuildScriptCaches (42ms)
			SetupLoadedEditorAssemblies (217ms)
				LogAssemblyErrors (0ms)
				InitializePlatformSupportModulesInManaged (6ms)
				SetLoadedEditorAssemblies (0ms)
				RefreshPlugins (42ms)
				BeforeProcessingInitializeOnLoad (11ms)
				ProcessInitializeOnLoadAttributes (116ms)
				ProcessInitializeOnLoadMethodAttributes (41ms)
				AfterProcessingInitializeOnLoad (0ms)
				EditorAssembliesLoaded (0ms)
			ExecutionOrderSort2 (0ms)
			AwakeInstancesAfterBackupRestoration (0ms)
Platform modules already initialized, skipping
Registering precompiled user dll's ...
Registered in 0.004265 seconds.
Begin MonoManager ReloadAssembly
Native extension for WindowsStandalone target not found
Refreshing native plugins compatible for Editor in 0.50 ms, found 2 plugins.
Preloading 0 native plugins for Editor in 0.00 ms.
Mono: successfully reloaded assembly
- Completed reload, in  2.061 seconds
Domain Reload Profiling:
	ReloadAssembly (2062ms)
		BeginReloadAssembly (192ms)
			ExecutionOrderSort (0ms)
			DisableScriptedObjects (7ms)
			BackupInstance (0ms)
			ReleaseScriptingObjects (0ms)
			CreateAndSetChildDomain (25ms)
		EndReloadAssembly (1785ms)
			LoadAssemblies (109ms)
			RebuildTransferFunctionScriptingTraits (0ms)
			SetupTypeCache (401ms)
			ReleaseScriptCaches (1ms)
			RebuildScriptCaches (58ms)
			SetupLoadedEditorAssemblies (1065ms)
				LogAssemblyErrors (0ms)
				InitializePlatformSupportModulesInManaged (6ms)
				SetLoadedEditorAssemblies (1ms)
				RefreshPlugins (1ms)
				BeforeProcessingInitializeOnLoad (66ms)
				ProcessInitializeOnLoadAttributes (319ms)
				ProcessInitializeOnLoadMethodAttributes (669ms)
				AfterProcessingInitializeOnLoad (3ms)
				EditorAssembliesLoaded (0ms)
			ExecutionOrderSort2 (0ms)
			AwakeInstancesAfterBackupRestoration (10ms)
Platform modules already initialized, skipping
========================================================================
Worker process is ready to serve import requests
Launched and connected shader compiler UnityShaderCompiler.exe after 0.06 seconds
Refreshing native plugins compatible for Editor in 0.47 ms, found 2 plugins.
Preloading 0 native plugins for Editor in 0.00 ms.
Unloading 1534 Unused Serialized files (Serialized files now loaded: 0)
System memory in use before: 69.4 MB.
System memory in use after: 69.4 MB.

Unloading 21 unused Assets to reduce memory usage. Loaded Objects now: 1990.
Total: 6.221600 ms (FindLiveObjects: 0.279400 ms CreateObjectMapping: 0.078700 ms MarkObjects: 5.746200 ms  DeleteObjects: 0.115200 ms)

AssetImportParameters requested are different than current active one (requested -> active):
  custom:framework-win-MediaFoundation: 216162199b28c13a410421893ffa2e32 -> 
  custom:video-decoder-ogg-theora: a1e56fd34408186e4bbccfd4996cb3dc -> 
  custom:container-muxer-webm: aa71ff27fc2769a1b78a27578f13a17b -> 
  custom:container-demuxer-webm: 4f35f7cbe854078d1ac9338744f61a02 -> 
  custom:container-demuxer-ogg: 62fdf1f143b41e24485cea50d1cbac27 -> 
  custom:video-encoder-webm-vp8: eb34c28f22e8b96e1ab97ce403110664 -> 
  custom:video-decoder-webm-vp8: 9c59270c3fd7afecdb556c50c9e8de78 -> 
  custom:audio-decoder-ogg-vorbis: bf7c407c2cedff20999df2af8eb42d56 -> 
  custom:audio-encoder-webm-vorbis: bf7c407c2cedff20999df2af8eb42d56 -> 
========================================================================
Received Import Request.
  path: Assets
  artifactKey: Guid(00000000000000001000000000000000) Importer(815301076,1909f56bfc062723c751e8b465ee728b)
Start importing Assets using Guid(00000000000000001000000000000000) Importer(815301076,1909f56bfc062723c751e8b465ee728b)  -> (artifact id: '42d402b061de3733987d63b9cc3b64de') in 0.006563 seconds 
  Import took 0.009799 seconds .

========================================================================
Received Import Request.
  Time since last request: 473.310396 seconds.
  path: Assets/BehaviorBricks/ClickAndGo.asset
  artifactKey: Guid(84d4cd01d3cbce9419c4edc8cb291367) Importer(815301076,1909f56bfc062723c751e8b465ee728b)
Start importing Assets/BehaviorBricks/ClickAndGo.asset using Guid(84d4cd01d3cbce9419c4edc8cb291367) Importer(815301076,1909f56bfc062723c751e8b465ee728b) DeserializeNextElement: Viene otra cosa: EndElement. Terminamos -> (artifact id: 'dd05d6e12f1b8352118a329a17814411') in 0.061166 seconds 
  Import took 0.064637 seconds .

========================================================================
Received Import Request.
  Time since last request: 0.000247 seconds.
  path: Assets/BehaviorBricks/Wander.asset
  artifactKey: Guid(042c14e6b50b84d47bac3033b5ed3f88) Importer(815301076,1909f56bfc062723c751e8b465ee728b)
Start importing Assets/BehaviorBricks/Wander.asset using Guid(042c14e6b50b84d47bac3033b5ed3f88) Importer(815301076,1909f56bfc062723c751e8b465ee728b)  -> (artifact id: '7f1798d2e9df81b7d9a341c9cb448fa4') in 0.004404 seconds 
  Import took 0.007568 seconds .

========================================================================
Received Import Request.
  Time since last request: 4.427308 seconds.
  path: Assets/BehaviorBricks
  artifactKey: Guid(8e398ca5647ce1e4d88cda8f653c4d3d) Importer(815301076,1909f56bfc062723c751e8b465ee728b)
Start importing Assets/BehaviorBricks using Guid(8e398ca5647ce1e4d88cda8f653c4d3d) Importer(815301076,1909f56bfc062723c751e8b465ee728b)  -> (artifact id: 'fed0db7cac42dce577e7ce8d909c5736') in 0.003121 seconds 
  Import took 0.007919 seconds .

========================================================================
Received Import Request.
  Time since last request: 21.663940 seconds.
  path: Assets/BehaviorBricks/Marterial
  artifactKey: Guid(6eb91848c952a7b4dae42aa497fa6d0c) Importer(815301076,1909f56bfc062723c751e8b465ee728b)
Start importing Assets/BehaviorBricks/Marterial using Guid(6eb91848c952a7b4dae42aa497fa6d0c) Importer(815301076,1909f56bfc062723c751e8b465ee728b)  -> (artifact id: '37c654391ac83e54ff4580af68de1a70') in 0.002559 seconds 
  Import took 0.008203 seconds .

========================================================================
Received Import Request.
  Time since last request: 38.571409 seconds.
  path: Assets/BehaviorBricks/Marterial/New Material.mat
  artifactKey: Guid(95fdf2945f97a514e9904e026a25433d) Importer(815301076,1909f56bfc062723c751e8b465ee728b)
Start importing Assets/BehaviorBricks/Marterial/New Material.mat using Guid(95fdf2945f97a514e9904e026a25433d) Importer(815301076,1909f56bfc062723c751e8b465ee728b)  -> (artifact id: 'e2a07496908adeae1f74b2aec6af0557') in 0.190653 seconds 
  Import took 0.195594 seconds .

========================================================================
Received Import Request.
  Time since last request: 4.226560 seconds.
  path: Assets/BehaviorBricks/Marterial/New Material 1.mat
  artifactKey: Guid(12152b6ee20393446a546a5ecb74c25f) Importer(815301076,1909f56bfc062723c751e8b465ee728b)
Start importing Assets/BehaviorBricks/Marterial/New Material 1.mat using Guid(12152b6ee20393446a546a5ecb74c25f) Importer(815301076,1909f56bfc062723c751e8b465ee728b)  -> (artifact id: '507996968e52df4685d7809ef6b5d970') in 0.028778 seconds 
  Import took 0.033759 seconds .

========================================================================
Received Import Request.
  Time since last request: 3.229187 seconds.
  path: Assets/BehaviorBricks/Marterial/New Material 2.mat
  artifactKey: Guid(4aac6f53a54d54542919d1e4cfe9aee6) Importer(815301076,1909f56bfc062723c751e8b465ee728b)
Start importing Assets/BehaviorBricks/Marterial/New Material 2.mat using Guid(4aac6f53a54d54542919d1e4cfe9aee6) Importer(815301076,1909f56bfc062723c751e8b465ee728b)  -> (artifact id: 'df35981cd5059791f10c1bc7e053a7b2') in 0.027797 seconds 
  Import took 0.033099 seconds .

========================================================================
Received Import Request.
  Time since last request: 22.252466 seconds.
  path: Assets/BehaviorBricks/Marterial/Red.mat
  artifactKey: Guid(12152b6ee20393446a546a5ecb74c25f) Importer(815301076,1909f56bfc062723c751e8b465ee728b)
Start importing Assets/BehaviorBricks/Marterial/Red.mat using Guid(12152b6ee20393446a546a5ecb74c25f) Importer(815301076,1909f56bfc062723c751e8b465ee728b)  -> (artifact id: 'bece2a407967c7ad6b2cf02d7695fd02') in 0.031097 seconds 
  Import took 0.035626 seconds .

========================================================================
Received Import Request.
  Time since last request: 11.822134 seconds.
  path: Assets/BehaviorBricks/Marterial/Green.mat
  artifactKey: Guid(4aac6f53a54d54542919d1e4cfe9aee6) Importer(815301076,1909f56bfc062723c751e8b465ee728b)
Start importing Assets/BehaviorBricks/Marterial/Green.mat using Guid(4aac6f53a54d54542919d1e4cfe9aee6) Importer(815301076,1909f56bfc062723c751e8b465ee728b)  -> (artifact id: '4e79e981673e7bfda8b18c0dd4525cf8') in 0.026652 seconds 
  Import took 0.032483 seconds .

========================================================================
Received Import Request.
  Time since last request: 13.663351 seconds.
  path: Assets/BehaviorBricks/Marterial/Biue.mat
  artifactKey: Guid(95fdf2945f97a514e9904e026a25433d) Importer(815301076,1909f56bfc062723c751e8b465ee728b)
Start importing Assets/BehaviorBricks/Marterial/Biue.mat using Guid(95fdf2945f97a514e9904e026a25433d) Importer(815301076,1909f56bfc062723c751e8b465ee728b)  -> (artifact id: '5a6190c37f23b357842b74f4922df6e3') in 0.027833 seconds 
  Import took 0.032923 seconds .

========================================================================
Received Import Request.
  Time since last request: 450.220997 seconds.
  path: Assets/wender.asset
  artifactKey: Guid(dab874d3a8a854e4d89f58f94a703975) Importer(815301076,1909f56bfc062723c751e8b465ee728b)
Start importing Assets/wender.asset using Guid(dab874d3a8a854e4d89f58f94a703975) Importer(815301076,1909f56bfc062723c751e8b465ee728b)  -> (artifact id: '723627c41896a9f84ed277388e0208f6') in 0.015060 seconds 
  Import took 0.019214 seconds .

========================================================================
Received Import Request.
  Time since last request: 326.654182 seconds.
  path: Assets/wender.asset
  artifactKey: Guid(dab874d3a8a854e4d89f58f94a703975) Importer(815301076,1909f56bfc062723c751e8b465ee728b)
Start importing Assets/wender.asset using Guid(dab874d3a8a854e4d89f58f94a703975) Importer(815301076,1909f56bfc062723c751e8b465ee728b)  -> (artifact id: 'a0d8b7aa1943083e88207927a6d4fe0d') in 0.015678 seconds 
  Import took 0.022297 seconds .

========================================================================
Received Prepare
Registering precompiled user dll's ...
Registered in 0.005378 seconds.
Begin MonoManager ReloadAssembly
Native extension for WindowsStandalone target not found
Refreshing native plugins compatible for Editor in 0.48 ms, found 2 plugins.
Preloading 0 native plugins for Editor in 0.00 ms.
Mono: successfully reloaded assembly
- Completed reload, in  1.879 seconds
Domain Reload Profiling:
	ReloadAssembly (1880ms)
		BeginReloadAssembly (270ms)
			ExecutionOrderSort (0ms)
			DisableScriptedObjects (16ms)
			BackupInstance (0ms)
			ReleaseScriptingObjects (0ms)
			CreateAndSetChildDomain (140ms)
		EndReloadAssembly (1532ms)
			LoadAssemblies (106ms)
			RebuildTransferFunctionScriptingTraits (0ms)
			SetupTypeCache (376ms)
			ReleaseScriptCaches (1ms)
			RebuildScriptCaches (45ms)
			SetupLoadedEditorAssemblies (888ms)
				LogAssemblyErrors (0ms)
				InitializePlatformSupportModulesInManaged (6ms)
				SetLoadedEditorAssemblies (1ms)
				RefreshPlugins (1ms)
				BeforeProcessingInitializeOnLoad (52ms)
				ProcessInitializeOnLoadAttributes (254ms)
				ProcessInitializeOnLoadMethodAttributes (571ms)
				AfterProcessingInitializeOnLoad (3ms)
				EditorAssembliesLoaded (0ms)
			ExecutionOrderSort2 (0ms)
			AwakeInstancesAfterBackupRestoration (8ms)
Platform modules already initialized, skipping
Refreshing native plugins compatible for Editor in 0.48 ms, found 2 plugins.
Preloading 0 native plugins for Editor in 0.00 ms.
Unloading 1528 Unused Serialized files (Serialized files now loaded: 0)
System memory in use before: 72.5 MB.
System memory in use after: 72.7 MB.

Unloading 16 unused Assets to reduce memory usage. Loaded Objects now: 2032.
Total: 4.506500 ms (FindLiveObjects: 0.246800 ms CreateObjectMapping: 0.055000 ms MarkObjects: 4.174900 ms  DeleteObjects: 0.027700 ms)

AssetImportParameters requested are different than current active one (requested -> active):
  custom:framework-win-MediaFoundation: 216162199b28c13a410421893ffa2e32 -> 
  custom:video-decoder-ogg-theora: a1e56fd34408186e4bbccfd4996cb3dc -> 
  custom:container-muxer-webm: aa71ff27fc2769a1b78a27578f13a17b -> 
  custom:container-demuxer-webm: 4f35f7cbe854078d1ac9338744f61a02 -> 
  custom:container-demuxer-ogg: 62fdf1f143b41e24485cea50d1cbac27 -> 
  custom:video-encoder-webm-vp8: eb34c28f22e8b96e1ab97ce403110664 -> 
  custom:video-decoder-webm-vp8: 9c59270c3fd7afecdb556c50c9e8de78 -> 
  custom:audio-decoder-ogg-vorbis: bf7c407c2cedff20999df2af8eb42d56 -> 
  custom:audio-encoder-webm-vorbis: bf7c407c2cedff20999df2af8eb42d56 -> 
========================================================================
Received Prepare
Registering precompiled user dll's ...
Registered in 0.004212 seconds.
Begin MonoManager ReloadAssembly
Native extension for WindowsStandalone target not found
Refreshing native plugins compatible for Editor in 0.48 ms, found 2 plugins.
Preloading 0 native plugins for Editor in 0.00 ms.
Mono: successfully reloaded assembly
- Completed reload, in  1.774 seconds
Domain Reload Profiling:
	ReloadAssembly (1775ms)
		BeginReloadAssembly (136ms)
			ExecutionOrderSort (0ms)
			DisableScriptedObjects (5ms)
			BackupInstance (0ms)
			ReleaseScriptingObjects (0ms)
			CreateAndSetChildDomain (55ms)
		EndReloadAssembly (1566ms)
			LoadAssemblies (99ms)
			RebuildTransferFunctionScriptingTraits (0ms)
			SetupTypeCache (400ms)
			ReleaseScriptCaches (1ms)
			RebuildScriptCaches (45ms)
			SetupLoadedEditorAssemblies (898ms)
				LogAssemblyErrors (0ms)
				InitializePlatformSupportModulesInManaged (6ms)
				SetLoadedEditorAssemblies (1ms)
				RefreshPlugins (1ms)
				BeforeProcessingInitializeOnLoad (54ms)
				ProcessInitializeOnLoadAttributes (248ms)
				ProcessInitializeOnLoadMethodAttributes (585ms)
				AfterProcessingInitializeOnLoad (3ms)
				EditorAssembliesLoaded (0ms)
			ExecutionOrderSort2 (0ms)
			AwakeInstancesAfterBackupRestoration (8ms)
Platform modules already initialized, skipping
Refreshing native plugins compatible for Editor in 0.48 ms, found 2 plugins.
Preloading 0 native plugins for Editor in 0.00 ms.
Unloading 1528 Unused Serialized files (Serialized files now loaded: 0)
System memory in use before: 72.6 MB.
System memory in use after: 72.7 MB.

Unloading 16 unused Assets to reduce memory usage. Loaded Objects now: 2034.
Total: 4.030400 ms (FindLiveObjects: 0.237800 ms CreateObjectMapping: 0.054900 ms MarkObjects: 3.710300 ms  DeleteObjects: 0.025800 ms)

AssetImportParameters requested are different than current active one (requested -> active):
  custom:framework-win-MediaFoundation: 216162199b28c13a410421893ffa2e32 -> 
  custom:video-decoder-ogg-theora: a1e56fd34408186e4bbccfd4996cb3dc -> 
  custom:container-muxer-webm: aa71ff27fc2769a1b78a27578f13a17b -> 
  custom:container-demuxer-webm: 4f35f7cbe854078d1ac9338744f61a02 -> 
  custom:container-demuxer-ogg: 62fdf1f143b41e24485cea50d1cbac27 -> 
  custom:video-encoder-webm-vp8: eb34c28f22e8b96e1ab97ce403110664 -> 
  custom:video-decoder-webm-vp8: 9c59270c3fd7afecdb556c50c9e8de78 -> 
  custom:audio-decoder-ogg-vorbis: bf7c407c2cedff20999df2af8eb42d56 -> 
  custom:audio-encoder-webm-vorbis: bf7c407c2cedff20999df2af8eb42d56 -> 
========================================================================
Received Import Request.
  Time since last request: 1192.784684 seconds.
  path: Assets/wender.asset
  artifactKey: Guid(dab874d3a8a854e4d89f58f94a703975) Importer(815301076,1909f56bfc062723c751e8b465ee728b)
Start importing Assets/wender.asset using Guid(dab874d3a8a854e4d89f58f94a703975) Importer(815301076,1909f56bfc062723c751e8b465ee728b)  -> (artifact id: 'cec9c4f67490650fc01fa3adc7215f20') in 0.035301 seconds 
  Import took 0.039061 seconds .

========================================================================
Received Import Request.
  Time since last request: 122.468554 seconds.
  path: Assets/wender.asset
  artifactKey: Guid(dab874d3a8a854e4d89f58f94a703975) Importer(815301076,1909f56bfc062723c751e8b465ee728b)
Start importing Assets/wender.asset using Guid(dab874d3a8a854e4d89f58f94a703975) Importer(815301076,1909f56bfc062723c751e8b465ee728b)  -> (artifact id: 'aadca75c6a016bfff1f18c588b21e3b2') in 0.006837 seconds 
  Import took 0.011606 seconds .

========================================================================
Received Prepare
Registering precompiled user dll's ...
Registered in 0.004491 seconds.
Begin MonoManager ReloadAssembly
Native extension for WindowsStandalone target not found
Refreshing native plugins compatible for Editor in 0.48 ms, found 2 plugins.
Preloading 0 native plugins for Editor in 0.00 ms.
Mono: successfully reloaded assembly
- Completed reload, in  1.820 seconds
Domain Reload Profiling:
	ReloadAssembly (1820ms)
		BeginReloadAssembly (135ms)
			ExecutionOrderSort (0ms)
			DisableScriptedObjects (6ms)
			BackupInstance (0ms)
			ReleaseScriptingObjects (0ms)
			CreateAndSetChildDomain (52ms)
		EndReloadAssembly (1604ms)
			LoadAssemblies (111ms)
			RebuildTransferFunctionScriptingTraits (0ms)
			SetupTypeCache (378ms)
			ReleaseScriptCaches (1ms)
			RebuildScriptCaches (54ms)
			SetupLoadedEditorAssemblies (930ms)
				LogAssemblyErrors (0ms)
				InitializePlatformSupportModulesInManaged (6ms)
				SetLoadedEditorAssemblies (1ms)
				RefreshPlugins (1ms)
				BeforeProcessingInitializeOnLoad (53ms)
				ProcessInitializeOnLoadAttributes (266ms)
				ProcessInitializeOnLoadMethodAttributes (602ms)
				AfterProcessingInitializeOnLoad (3ms)
				EditorAssembliesLoaded (0ms)
			ExecutionOrderSort2 (0ms)
			AwakeInstancesAfterBackupRestoration (9ms)
Platform modules already initialized, skipping
Refreshing native plugins compatible for Editor in 0.49 ms, found 2 plugins.
Preloading 0 native plugins for Editor in 0.00 ms.
Unloading 1528 Unused Serialized files (Serialized files now loaded: 0)
System memory in use before: 72.6 MB.
System memory in use after: 72.7 MB.

Unloading 16 unused Assets to reduce memory usage. Loaded Objects now: 2036.
Total: 5.722200 ms (FindLiveObjects: 0.243300 ms CreateObjectMapping: 0.065800 ms MarkObjects: 5.377200 ms  DeleteObjects: 0.033900 ms)

AssetImportParameters requested are different than current active one (requested -> active):
  custom:framework-win-MediaFoundation: 216162199b28c13a410421893ffa2e32 -> 
  custom:video-decoder-ogg-theora: a1e56fd34408186e4bbccfd4996cb3dc -> 
  custom:container-muxer-webm: aa71ff27fc2769a1b78a27578f13a17b -> 
  custom:container-demuxer-webm: 4f35f7cbe854078d1ac9338744f61a02 -> 
  custom:container-demuxer-ogg: 62fdf1f143b41e24485cea50d1cbac27 -> 
  custom:video-encoder-webm-vp8: eb34c28f22e8b96e1ab97ce403110664 -> 
  custom:video-decoder-webm-vp8: 9c59270c3fd7afecdb556c50c9e8de78 -> 
  custom:audio-decoder-ogg-vorbis: bf7c407c2cedff20999df2af8eb42d56 -> 
  custom:audio-encoder-webm-vorbis: bf7c407c2cedff20999df2af8eb42d56 -> 
========================================================================
Received Import Request.
  Time since last request: 304.094319 seconds.
  path: Assets/wender.asset
  artifactKey: Guid(dab874d3a8a854e4d89f58f94a703975) Importer(815301076,1909f56bfc062723c751e8b465ee728b)
Start importing Assets/wender.asset using Guid(dab874d3a8a854e4d89f58f94a703975) Importer(815301076,1909f56bfc062723c751e8b465ee728b)  -> (artifact id: '7297f7310e31401e0101f840e394e3d9') in 0.038847 seconds 
  Import took 0.042631 seconds .

========================================================================
Received Prepare
Registering precompiled user dll's ...
Registered in 0.003564 seconds.
Begin MonoManager ReloadAssembly
Native extension for WindowsStandalone target not found
Refreshing native plugins compatible for Editor in 0.65 ms, found 2 plugins.
Preloading 0 native plugins for Editor in 0.00 ms.
Mono: successfully reloaded assembly
- Completed reload, in  1.785 seconds
Domain Reload Profiling:
	ReloadAssembly (1785ms)
		BeginReloadAssembly (125ms)
			ExecutionOrderSort (0ms)
			DisableScriptedObjects (6ms)
			BackupInstance (0ms)
			ReleaseScriptingObjects (0ms)
			CreateAndSetChildDomain (47ms)
		EndReloadAssembly (1588ms)
			LoadAssemblies (98ms)
			RebuildTransferFunctionScriptingTraits (0ms)
			SetupTypeCache (360ms)
			ReleaseScriptCaches (1ms)
			RebuildScriptCaches (62ms)
			SetupLoadedEditorAssemblies (923ms)
				LogAssemblyErrors (0ms)
				InitializePlatformSupportModulesInManaged (6ms)
				SetLoadedEditorAssemblies (1ms)
				RefreshPlugins (1ms)
				BeforeProcessingInitializeOnLoad (52ms)
				ProcessInitializeOnLoadAttributes (235ms)
				ProcessInitializeOnLoadMethodAttributes (625ms)
				AfterProcessingInitializeOnLoad (3ms)
				EditorAssembliesLoaded (0ms)
			ExecutionOrderSort2 (0ms)
			AwakeInstancesAfterBackupRestoration (8ms)
Platform modules already initialized, skipping
Refreshing native plugins compatible for Editor in 0.45 ms, found 2 plugins.
Preloading 0 native plugins for Editor in 0.00 ms.
Unloading 1528 Unused Serialized files (Serialized files now loaded: 0)
System memory in use before: 72.6 MB.
System memory in use after: 72.7 MB.

Unloading 16 unused Assets to reduce memory usage. Loaded Objects now: 2038.
Total: 4.874200 ms (FindLiveObjects: 0.234400 ms CreateObjectMapping: 0.054200 ms MarkObjects: 4.558200 ms  DeleteObjects: 0.025700 ms)

AssetImportParameters requested are different than current active one (requested -> active):
  custom:framework-win-MediaFoundation: 216162199b28c13a410421893ffa2e32 -> 
  custom:video-decoder-ogg-theora: a1e56fd34408186e4bbccfd4996cb3dc -> 
  custom:container-muxer-webm: aa71ff27fc2769a1b78a27578f13a17b -> 
  custom:container-demuxer-webm: 4f35f7cbe854078d1ac9338744f61a02 -> 
  custom:container-demuxer-ogg: 62fdf1f143b41e24485cea50d1cbac27 -> 
  custom:video-encoder-webm-vp8: eb34c28f22e8b96e1ab97ce403110664 -> 
  custom:video-decoder-webm-vp8: 9c59270c3fd7afecdb556c50c9e8de78 -> 
  custom:audio-decoder-ogg-vorbis: bf7c407c2cedff20999df2af8eb42d56 -> 
  custom:audio-encoder-webm-vorbis: bf7c407c2cedff20999df2af8eb42d56 -> 
========================================================================
Received Import Request.
  Time since last request: 608.858543 seconds.
  path: Assets/BehaviorBricks/ClickAndGo.asset
  artifactKey: Guid(84d4cd01d3cbce9419c4edc8cb291367) Importer(815301076,1909f56bfc062723c751e8b465ee728b)
Start importing Assets/BehaviorBricks/ClickAndGo.asset using Guid(84d4cd01d3cbce9419c4edc8cb291367) Importer(815301076,1909f56bfc062723c751e8b465ee728b) DeserializeNextElement: Viene otra cosa: EndElement. Terminamos -> (artifact id: '34f8d04678d8aaa5956f6f3cd15c59b8') in 0.039794 seconds 
  Import took 0.044004 seconds .

========================================================================
Received Import Request.
  Time since last request: 7.814558 seconds.
  path: Assets/BehaviorBricks/Marterial/Biue.mat
  artifactKey: Guid(95fdf2945f97a514e9904e026a25433d) Importer(815301076,1909f56bfc062723c751e8b465ee728b)
Start importing Assets/BehaviorBricks/Marterial/Biue.mat using Guid(95fdf2945f97a514e9904e026a25433d) Importer(815301076,1909f56bfc062723c751e8b465ee728b)  -> (artifact id: '94b74d2047b30f6ffcb2f6cc00f1dd49') in 0.063732 seconds 
  Import took 0.067151 seconds .

========================================================================
Received Import Request.
  Time since last request: 0.000257 seconds.
  path: Assets/BehaviorBricks/Marterial/Red.mat
  artifactKey: Guid(12152b6ee20393446a546a5ecb74c25f) Importer(815301076,1909f56bfc062723c751e8b465ee728b)
Start importing Assets/BehaviorBricks/Marterial/Red.mat using Guid(12152b6ee20393446a546a5ecb74c25f) Importer(815301076,1909f56bfc062723c751e8b465ee728b)  -> (artifact id: '48fd5aaa4c43c2645c46bb349b545c4a') in 0.011223 seconds 
  Import took 0.014568 seconds .

========================================================================
Received Import Request.
  Time since last request: 0.000296 seconds.
  path: Assets/BehaviorBricks/Marterial/Green.mat
  artifactKey: Guid(4aac6f53a54d54542919d1e4cfe9aee6) Importer(815301076,1909f56bfc062723c751e8b465ee728b)
Start importing Assets/BehaviorBricks/Marterial/Green.mat using Guid(4aac6f53a54d54542919d1e4cfe9aee6) Importer(815301076,1909f56bfc062723c751e8b465ee728b)  -> (artifact id: 'ce72d2cd5dd8a97d7599c432d32d9afa') in 0.016030 seconds 
  Import took 0.019931 seconds .

========================================================================
Received Import Request.
  Time since last request: 5.454614 seconds.
  path: Assets/BehaviorBricks/Marterial/82065678_2611351559096967_797882066057297920_n.jpg
  artifactKey: Guid(585e297203074624cbba344b5ed39469) Importer(815301076,1909f56bfc062723c751e8b465ee728b)
Start importing Assets/BehaviorBricks/Marterial/82065678_2611351559096967_797882066057297920_n.jpg using Guid(585e297203074624cbba344b5ed39469) Importer(815301076,1909f56bfc062723c751e8b465ee728b)  -> (artifact id: '970193d53bb593650f3748575f38b860') in 0.031188 seconds 
  Import took 0.034946 seconds .

========================================================================
Received Import Request.
  Time since last request: 25.540621 seconds.
  path: Assets/BehaviorBricks/Marterial/วาป.jpg
  artifactKey: Guid(1953b6e6c8e34bd4fb051510ff57dbbf) Importer(815301076,1909f56bfc062723c751e8b465ee728b)
Start importing Assets/BehaviorBricks/Marterial/วาป.jpg using Guid(1953b6e6c8e34bd4fb051510ff57dbbf) Importer(815301076,1909f56bfc062723c751e8b465ee728b)  -> (artifact id: 'b2e29cdb4334845489002b6e5ebe8f64') in 0.010275 seconds 
  Import took 0.014263 seconds .

========================================================================
Received Import Request.
  Time since last request: 31.018373 seconds.
  path: Assets/BehaviorBricks/Marterial/New Material.mat
  artifactKey: Guid(ef49c71253c63e44f880439b05b8e382) Importer(815301076,1909f56bfc062723c751e8b465ee728b)
Start importing Assets/BehaviorBricks/Marterial/New Material.mat using Guid(ef49c71253c63e44f880439b05b8e382) Importer(815301076,1909f56bfc062723c751e8b465ee728b)  -> (artifact id: '8240e856cd26f9365c3153d7b4ac5f16') in 0.011257 seconds 
  Import took 0.016644 seconds .

========================================================================
Received Import Request.
  Time since last request: 156.715039 seconds.
  path: Assets/BehaviorBricks/Marterial/82065678_2611351559096967_797882066057297920_n 1.jpg
  artifactKey: Guid(da8c9673d83425343a6a8d8f55b5a349) Importer(815301076,1909f56bfc062723c751e8b465ee728b)
Start importing Assets/BehaviorBricks/Marterial/82065678_2611351559096967_797882066057297920_n 1.jpg using Guid(da8c9673d83425343a6a8d8f55b5a349) Importer(815301076,1909f56bfc062723c751e8b465ee728b)  -> (artifact id: '94171fc87c2037afa434429107ea5ded') in 0.013791 seconds 
  Import took 0.018391 seconds .

========================================================================
Received Prepare
Registering precompiled user dll's ...
Registered in 0.005483 seconds.
Begin MonoManager ReloadAssembly
Native extension for WindowsStandalone target not found
Refreshing native plugins compatible for Editor in 0.47 ms, found 2 plugins.
Preloading 0 native plugins for Editor in 0.00 ms.
Mono: successfully reloaded assembly
- Completed reload, in  1.718 seconds
Domain Reload Profiling:
	ReloadAssembly (1718ms)
		BeginReloadAssembly (144ms)
			ExecutionOrderSort (0ms)
			DisableScriptedObjects (6ms)
			BackupInstance (0ms)
			ReleaseScriptingObjects (0ms)
			CreateAndSetChildDomain (55ms)
		EndReloadAssembly (1499ms)
			LoadAssemblies (108ms)
			RebuildTransferFunctionScriptingTraits (0ms)
			SetupTypeCache (369ms)
			ReleaseScriptCaches (1ms)
			RebuildScriptCaches (49ms)
			SetupLoadedEditorAssemblies (853ms)
				LogAssemblyErrors (0ms)
				InitializePlatformSupportModulesInManaged (6ms)
				SetLoadedEditorAssemblies (1ms)
				RefreshPlugins (1ms)
				BeforeProcessingInitializeOnLoad (51ms)
				ProcessInitializeOnLoadAttributes (237ms)
				ProcessInitializeOnLoadMethodAttributes (556ms)
				AfterProcessingInitializeOnLoad (3ms)
				EditorAssembliesLoaded (0ms)
			ExecutionOrderSort2 (0ms)
			AwakeInstancesAfterBackupRestoration (8ms)
Platform modules already initialized, skipping
Refreshing native plugins compatible for Editor in 0.46 ms, found 2 plugins.
Preloading 0 native plugins for Editor in 0.00 ms.
Unloading 1528 Unused Serialized files (Serialized files now loaded: 0)
System memory in use before: 72.6 MB.
System memory in use after: 72.7 MB.

Unloading 16 unused Assets to reduce memory usage. Loaded Objects now: 2043.
Total: 5.535900 ms (FindLiveObjects: 0.225400 ms CreateObjectMapping: 0.052300 ms MarkObjects: 5.223900 ms  DeleteObjects: 0.032800 ms)

AssetImportParameters requested are different than current active one (requested -> active):
  custom:framework-win-MediaFoundation: 216162199b28c13a410421893ffa2e32 -> 
  custom:video-decoder-ogg-theora: a1e56fd34408186e4bbccfd4996cb3dc -> 
  custom:container-muxer-webm: aa71ff27fc2769a1b78a27578f13a17b -> 
  custom:container-demuxer-webm: 4f35f7cbe854078d1ac9338744f61a02 -> 
  custom:container-demuxer-ogg: 62fdf1f143b41e24485cea50d1cbac27 -> 
  custom:video-encoder-webm-vp8: eb34c28f22e8b96e1ab97ce403110664 -> 
  custom:video-decoder-webm-vp8: 9c59270c3fd7afecdb556c50c9e8de78 -> 
  custom:audio-decoder-ogg-vorbis: bf7c407c2cedff20999df2af8eb42d56 -> 
  custom:audio-encoder-webm-vorbis: bf7c407c2cedff20999df2af8eb42d56 -> 
AssetImportWorkerClient::OnTransportError - code=2 error=End of file
